#
# There is insufficient memory for the Java Runtime Environment to continue.
# Native memory allocation (malloc) failed to allocate 648048 bytes. Error detail: Chunk::new
# Possible reasons:
#   The system is out of physical RAM or swap space
#   This process is running with CompressedOops enabled, and the Java Heap may be blocking the growth of the native heap
# Possible solutions:
#   Reduce memory load on the system
#   Increase physical memory or swap space
#   Check if swap backing store is full
#   Decrease Java heap size (-Xmx/-Xms)
#   Decrease number of Java threads
#   Decrease Java thread stack sizes (-Xss)
#   Set larger code cache with -XX:ReservedCodeCacheSize=
#   JVM is running with Unscaled Compressed Oops mode in which the Java heap is
#     placed in the first 4GB address space. The Java Heap base address is the
#     maximum limit for the native heap growth. Please use -XX:HeapBaseMinAddress
#     to set the Java Heap base and to place the Java Heap above 4GB virtual address.
# This output file may be truncated or incomplete.
#
#  Out of Memory Error (arena.cpp:168), pid=2804, tid=5136
#
# JRE version: OpenJDK Runtime Environment Temurin-21.0.9+10 (21.0.9+10) (build 21.0.9+10-LTS)
# Java VM: OpenJDK 64-Bit Server VM Temurin-21.0.9+10 (21.0.9+10-LTS, mixed mode, sharing, tiered, compressed oops, compressed class ptrs, parallel gc, windows-amd64)
# No core dump will be written. Minidumps are not enabled by default on client versions of Windows
#

---------------  S U M M A R Y ------------

Command Line: --add-modules=ALL-SYSTEM --add-opens=java.base/java.util=ALL-UNNAMED --add-opens=java.base/java.lang=ALL-UNNAMED --add-opens=java.base/sun.nio.fs=ALL-UNNAMED -Declipse.application=org.eclipse.jdt.ls.core.id1 -Dosgi.bundles.defaultStartLevel=4 -Declipse.product=org.eclipse.jdt.ls.core.product -Djava.import.generatesMetadataFilesAtProjectRoot=false -DDetectVMInstallationsJob.disabled=true -Dfile.encoding=utf8 -XX:+UseParallelGC -XX:GCTimeRatio=4 -XX:AdaptiveSizePolicyWeight=90 -Dsun.zip.disableMemoryMapping=true -Xmx2G -Xms100m -Xlog:disable -javaagent:c:\Users\ganes\.antigravity\extensions\redhat.java-1.52.0-win32-x64\lombok\lombok-1.18.39-4050.jar -XX:+HeapDumpOnOutOfMemoryError -XX:HeapDumpPath=c:\Users\ganes\AppData\Roaming\Antigravity\User\workspaceStorage\f5641c1847ce3b90202cde7addb4dac1\redhat.java -Daether.dependencyCollector.impl=bf c:\Users\ganes\.antigravity\extensions\redhat.java-1.52.0-win32-x64\server\plugins\org.eclipse.equinox.launcher_1.7.100.v20251111-0406.jar -configuration c:\Users\ganes\AppData\Roaming\Antigravity\User\globalStorage\redhat.java\1.52.0\config_win -data c:\Users\ganes\AppData\Roaming\Antigravity\User\workspaceStorage\f5641c1847ce3b90202cde7addb4dac1\redhat.java\jdt_ws --pipe=\\.\pipe\lsp-8c3cd2a95013bc9e3bdf707d9b6d2c77-sock

Host: 12th Gen Intel(R) Core(TM) i5-12500H, 16 cores, 15G,  Windows 11 , 64 bit Build 26100 (10.0.26100.7920)
Time: Sun Mar  8 23:29:20 2026 India Standard Time elapsed time: 8.328532 seconds (0d 0h 0m 8s)

---------------  T H R E A D  ---------------

Current thread (0x0000025895eebe10):  JavaThread "C2 CompilerThread0" daemon [_thread_in_native, id=5136, stack(0x000000a7fda00000,0x000000a7fdb00000) (1024K)]


Current CompileTask:
C2:8328 2299       4       org.eclipse.osgi.util.ManifestElement::readLine (122 bytes)

Stack: [0x000000a7fda00000,0x000000a7fdb00000]
Native frames: (J=compiled Java code, j=interpreted, Vv=VM code, C=native code)
V  [jvm.dll+0x6d6e29]
V  [jvm.dll+0x8b4b76]
V  [jvm.dll+0x8b712e]
V  [jvm.dll+0x8b7813]
V  [jvm.dll+0x283d86]
V  [jvm.dll+0xc66ed]
V  [jvm.dll+0xc6c31]
V  [jvm.dll+0x3be53b]
V  [jvm.dll+0x38ab92]
V  [jvm.dll+0x389fda]
V  [jvm.dll+0x24bfa0]
V  [jvm.dll+0x24b580]
V  [jvm.dll+0x1cb13e]
V  [jvm.dll+0x25b29d]
V  [jvm.dll+0x25982a]
V  [jvm.dll+0x3f7ea6]
V  [jvm.dll+0x85e9ad]
V  [jvm.dll+0x6d565d]
C  [ucrtbase.dll+0x37b0]
C  [KERNEL32.DLL+0x2e8d7]
C  [ntdll.dll+0x8c48c]


---------------  P R O C E S S  ---------------

Threads class SMR info:
_java_thread_list=0x00000258f0657330, length=16, elements={
0x0000025895f41bd0, 0x0000025895ed93c0, 0x0000025895ffe790, 0x0000025895edc6f0,
0x0000025895ee1620, 0x0000025895ee1c80, 0x0000025895ee3970, 0x0000025895eebe10,
0x00000258eedc1df0, 0x00000258eef556b0, 0x00000258eef927f0, 0x00000258f513f330,
0x00000258eefc1a70, 0x00000258eee53d90, 0x00000258f0b3ad40, 0x00000258f0b3b770
}

Java Threads: ( => current thread )
  0x0000025895f41bd0 JavaThread "main"                              [_thread_blocked, id=44784, stack(0x000000a7fd000000,0x000000a7fd100000) (1024K)]
  0x0000025895ed93c0 JavaThread "Reference Handler"          daemon [_thread_blocked, id=19540, stack(0x000000a7fd400000,0x000000a7fd500000) (1024K)]
  0x0000025895ffe790 JavaThread "Finalizer"                  daemon [_thread_blocked, id=20104, stack(0x000000a7fd500000,0x000000a7fd600000) (1024K)]
  0x0000025895edc6f0 JavaThread "Signal Dispatcher"          daemon [_thread_blocked, id=34176, stack(0x000000a7fd600000,0x000000a7fd700000) (1024K)]
  0x0000025895ee1620 JavaThread "Attach Listener"            daemon [_thread_blocked, id=13680, stack(0x000000a7fd700000,0x000000a7fd800000) (1024K)]
  0x0000025895ee1c80 JavaThread "Service Thread"             daemon [_thread_blocked, id=19208, stack(0x000000a7fd800000,0x000000a7fd900000) (1024K)]
  0x0000025895ee3970 JavaThread "Monitor Deflation Thread"   daemon [_thread_blocked, id=13896, stack(0x000000a7fd900000,0x000000a7fda00000) (1024K)]
=>0x0000025895eebe10 JavaThread "C2 CompilerThread0"         daemon [_thread_in_native, id=5136, stack(0x000000a7fda00000,0x000000a7fdb00000) (1024K)]
  0x00000258eedc1df0 JavaThread "C1 CompilerThread0"         daemon [_thread_blocked, id=17912, stack(0x000000a7fdb00000,0x000000a7fdc00000) (1024K)]
  0x00000258eef556b0 JavaThread "Common-Cleaner"             daemon [_thread_blocked, id=23368, stack(0x000000a7fdd00000,0x000000a7fde00000) (1024K)]
  0x00000258eef927f0 JavaThread "Notification Thread"        daemon [_thread_blocked, id=15380, stack(0x000000a7fe000000,0x000000a7fe100000) (1024K)]
  0x00000258f513f330 JavaThread "Active Thread: Equinox Container: 66c6ece6-9722-48b9-ad90-a00b6c5b3681"        [_thread_blocked, id=16216, stack(0x000000a7fe100000,0x000000a7fe200000) (1024K)]
  0x00000258eefc1a70 JavaThread "C2 CompilerThread1"         daemon [_thread_in_native, id=29636, stack(0x000000a7fdc00000,0x000000a7fdd00000) (1024K)]
  0x00000258eee53d90 JavaThread "Refresh Thread: Equinox Container: 66c6ece6-9722-48b9-ad90-a00b6c5b3681" daemon [_thread_blocked, id=44372, stack(0x000000a7fde00000,0x000000a7fdf00000) (1024K)]
  0x00000258f0b3ad40 JavaThread "Framework Event Dispatcher: Equinox Container: 66c6ece6-9722-48b9-ad90-a00b6c5b3681" daemon [_thread_blocked, id=38388, stack(0x000000a7fdf00000,0x000000a7fe000000) (1024K)]
  0x00000258f0b3b770 JavaThread "Start Level: Equinox Container: 66c6ece6-9722-48b9-ad90-a00b6c5b3681" daemon [_thread_in_native, id=25796, stack(0x000000a7fe900000,0x000000a7fea00000) (1024K)]
Total: 16

Other Threads:
  0x0000025895fe7a60 VMThread "VM Thread"                           [id=41688, stack(0x000000a7fd300000,0x000000a7fd400000) (1024K)]
  0x0000025895fb7c50 WatcherThread "VM Periodic Task Thread"        [id=2964, stack(0x000000a7fd200000,0x000000a7fd300000) (1024K)]
  0x0000025895f60dc0 WorkerThread "GC Thread#0"                     [id=35520, stack(0x000000a7fd100000,0x000000a7fd200000) (1024K)]
  0x00000258f070a350 WorkerThread "GC Thread#1"                     [id=39440, stack(0x000000a7fe300000,0x000000a7fe400000) (1024K)]
  0x00000258f070aaf0 WorkerThread "GC Thread#2"                     [id=42024, stack(0x000000a7fe400000,0x000000a7fe500000) (1024K)]
  0x00000258f070ae90 WorkerThread "GC Thread#3"                     [id=34232, stack(0x000000a7fe500000,0x000000a7fe600000) (1024K)]
  0x00000258f070b230 WorkerThread "GC Thread#4"                     [id=24084, stack(0x000000a7fe600000,0x000000a7fe700000) (1024K)]
  0x00000258f070b5d0 WorkerThread "GC Thread#5"                     [id=38476, stack(0x000000a7fe700000,0x000000a7fe800000) (1024K)]
  0x00000258f0bab8d0 WorkerThread "GC Thread#6"                     [id=17248, stack(0x000000a7fe800000,0x000000a7fe900000) (1024K)]
  0x00000258f510a790 WorkerThread "GC Thread#7"                     [id=36992, stack(0x000000a7fe200000,0x000000a7fe300000) (1024K)]
  0x00000258f09b2470 WorkerThread "GC Thread#8"                     [id=19664, stack(0x000000a7fea00000,0x000000a7feb00000) (1024K)]
  0x00000258f09b32f0 WorkerThread "GC Thread#9"                     [id=9616, stack(0x000000a7feb00000,0x000000a7fec00000) (1024K)]
  0x00000258f09b1d30 WorkerThread "GC Thread#10"                    [id=35024, stack(0x000000a7fec00000,0x000000a7fed00000) (1024K)]
Total: 13

Threads with active compile tasks:
C2 CompilerThread0  8368 2299       4       org.eclipse.osgi.util.ManifestElement::readLine (122 bytes)
C2 CompilerThread1  8368 2333 %     4       java.util.Properties$LineReader::readLine @ 293 (584 bytes)
Total: 2

VM state: not at safepoint (normal execution)

VM Mutex/Monitor currently owned by a thread: None

Heap address: 0x0000000080000000, size: 2048 MB, Compressed Oops mode: 32-bit

CDS archive(s) mapped at: [0x00000258ad000000-0x00000258adba0000-0x00000258adba0000), size 12189696, SharedBaseAddress: 0x00000258ad000000, ArchiveRelocationMode: 1.
Compressed class space mapped at: 0x00000258ae000000-0x00000258ee000000, reserved size: 1073741824
Narrow klass base: 0x00000258ad000000, Narrow klass shift: 0, Narrow klass range: 0x100000000

GC Precious Log:
 CardTable entry size: 512
 CPUs: 16 total, 16 available
 Memory: 16068M
 Large Page Support: Disabled
 NUMA Support: Disabled
 Compressed Oops: Enabled (32-bit)
 Alignments: Space 512K, Generation 512K, Heap 2M
 Heap Min Capacity: 100M
 Heap Initial Capacity: 100M
 Heap Max Capacity: 2G
 Pre-touch: Disabled
 Parallel Workers: 13

Heap:
 PSYoungGen      total 29696K, used 8435K [0x00000000d5580000, 0x00000000d7680000, 0x0000000100000000)
  eden space 25600K, 17% used [0x00000000d5580000,0x00000000d59c2110,0x00000000d6e80000)
  from space 4096K, 99% used [0x00000000d6e80000,0x00000000d727ac58,0x00000000d7280000)
  to   space 4096K, 0% used [0x00000000d7280000,0x00000000d7280000,0x00000000d7680000)
 ParOldGen       total 68608K, used 4319K [0x0000000080000000, 0x0000000084300000, 0x00000000d5580000)
  object space 68608K, 6% used [0x0000000080000000,0x0000000080437c00,0x0000000084300000)
 Metaspace       used 9517K, committed 9856K, reserved 1114112K
  class space    used 1009K, committed 1152K, reserved 1048576K

Card table byte_map: [0x00000258958e0000,0x0000025895cf0000] _byte_map_base: 0x00000258954e0000

Marking Bits: (ParMarkBitMap*) 0x00007ff869c72460
 Begin Bits: [0x00000258a83f0000, 0x00000258aa3f0000)
 End Bits:   [0x00000258aa3f0000, 0x00000258ac3f0000)

Polling page: 0x0000025893d00000

Metaspace:

Usage:
  Non-class:      8.31 MB used.
      Class:   1009.30 KB used.
       Both:      9.29 MB used.

Virtual space:
  Non-class space:       64.00 MB reserved,       8.50 MB ( 13%) committed,  1 nodes.
      Class space:        1.00 GB reserved,       1.12 MB ( <1%) committed,  1 nodes.
             Both:        1.06 GB reserved,       9.62 MB ( <1%) committed. 

Chunk freelists:
   Non-Class:  6.64 MB
       Class:  14.79 MB
        Both:  21.43 MB

MaxMetaspaceSize: unlimited
CompressedClassSpaceSize: 1.00 GB
Initial GC threshold: 21.00 MB
Current GC threshold: 21.00 MB
CDS: on
 - commit_granule_bytes: 65536.
 - commit_granule_words: 8192.
 - virtual_space_node_default_size: 8388608.
 - enlarge_chunks_in_place: 1.
 - use_allocation_guard: 0.


Internal statistics:

num_allocs_failed_limit: 0.
num_arena_births: 256.
num_arena_deaths: 0.
num_vsnodes_births: 2.
num_vsnodes_deaths: 0.
num_space_committed: 154.
num_space_uncommitted: 0.
num_chunks_returned_to_freelist: 0.
num_chunks_taken_from_freelist: 512.
num_chunk_merges: 0.
num_chunk_splits: 327.
num_chunks_enlarged: 216.
num_inconsistent_stats: 0.

CodeHeap 'non-profiled nmethods': size=119168Kb used=1035Kb max_used=1035Kb free=118133Kb
 bounds [0x00000258a0ce0000, 0x00000258a0f50000, 0x00000258a8140000]
CodeHeap 'profiled nmethods': size=119104Kb used=4379Kb max_used=4379Kb free=114724Kb
 bounds [0x0000025899140000, 0x0000025899590000, 0x00000258a0590000]
CodeHeap 'non-nmethods': size=7488Kb used=1230Kb max_used=2928Kb free=6257Kb
 bounds [0x00000258a0590000, 0x00000258a0870000, 0x00000258a0ce0000]
CodeCache: size=245760Kb, used=6644Kb, max_used=8342Kb, free=239114Kb
 total_blobs=2829, nmethods=2336, adapters=399, full_count=0
Compilation: enabled, stopped_count=0, restarted_count=0

Compilation events (20 events):
Event: 8.317 Thread 0x00000258eedc1df0 2318       3       java.nio.charset.CoderResult::isOverflow (14 bytes)
Event: 8.318 Thread 0x00000258eedc1df0 nmethod 2318 0x000002589957ad90 code [0x000002589957af20, 0x000002589957b080]
Event: 8.318 Thread 0x00000258eedc1df0 2319       3       java.util.stream.ReferencePipeline::filter (22 bytes)
Event: 8.318 Thread 0x00000258eedc1df0 nmethod 2319 0x000002589957b110 code [0x000002589957b300, 0x000002589957b790]
Event: 8.318 Thread 0x00000258eedc1df0 2324       3       java.util.Locale::toString (274 bytes)
Event: 8.320 Thread 0x00000258eedc1df0 nmethod 2324 0x000002589957b990 code [0x000002589957bd00, 0x000002589957d128]
Event: 8.320 Thread 0x00000258eedc1df0 2320       3       java.util.stream.ReferencePipeline$2::<init> (15 bytes)
Event: 8.320 Thread 0x00000258eedc1df0 nmethod 2320 0x000002589957d910 code [0x000002589957dac0, 0x000002589957dd00]
Event: 8.320 Thread 0x00000258eedc1df0 2321       3       java.util.stream.ReferencePipeline$2::opWrapSink (10 bytes)
Event: 8.321 Thread 0x00000258eedc1df0 nmethod 2321 0x000002589957de90 code [0x000002589957e080, 0x000002589957e5a8]
Event: 8.321 Thread 0x00000258eedc1df0 2322       3       java.util.stream.ReferencePipeline$2$1::<init> (11 bytes)
Event: 8.321 Thread 0x00000258eedc1df0 nmethod 2322 0x000002589957e790 code [0x000002589957e960, 0x000002589957edc8]
Event: 8.321 Thread 0x00000258eedc1df0 2323       3       java.util.stream.ReferencePipeline$2$1::begin (13 bytes)
Event: 8.322 Thread 0x00000258eedc1df0 nmethod 2323 0x000002589957ef90 code [0x000002589957f140, 0x000002589957f320]
Event: 8.322 Thread 0x00000258eedc1df0 2325       1       java.util.stream.FindOps$FindOp::getOpFlags (5 bytes)
Event: 8.322 Thread 0x00000258eedc1df0 nmethod 2325 0x00000258a0ddf310 code [0x00000258a0ddf4a0, 0x00000258a0ddf568]
Event: 8.322 Thread 0x00000258eedc1df0 2326       3       java.util.LinkedHashMap::<init> (15 bytes)
Event: 8.322 Thread 0x00000258eedc1df0 nmethod 2326 0x000002589957f410 code [0x000002589957f5c0, 0x000002589957f7f8]
Event: 8.325 Thread 0x00000258eefc1a70 nmethod 2314 0x00000258a0ddf610 code [0x00000258a0ddf7c0, 0x00000258a0ddfc28]
Event: 8.325 Thread 0x00000258eefc1a70 2317       4       java.util.Properties::loadConvert (540 bytes)

GC Heap History (6 events):
Event: 2.458 GC heap before
{Heap before GC invocations=1 (full 0):
 PSYoungGen      total 29696K, used 25600K [0x00000000d5580000, 0x00000000d7680000, 0x0000000100000000)
  eden space 25600K, 100% used [0x00000000d5580000,0x00000000d6e80000,0x00000000d6e80000)
  from space 4096K, 0% used [0x00000000d7280000,0x00000000d7280000,0x00000000d7680000)
  to   space 4096K, 0% used [0x00000000d6e80000,0x00000000d6e80000,0x00000000d7280000)
 ParOldGen       total 68608K, used 0K [0x0000000080000000, 0x0000000084300000, 0x00000000d5580000)
  object space 68608K, 0% used [0x0000000080000000,0x0000000080000000,0x0000000084300000)
 Metaspace       used 4151K, committed 4416K, reserved 1114112K
  class space    used 454K, committed 576K, reserved 1048576K
}
Event: 2.478 GC heap after
{Heap after GC invocations=1 (full 0):
 PSYoungGen      total 29696K, used 3716K [0x00000000d5580000, 0x00000000d7680000, 0x0000000100000000)
  eden space 25600K, 0% used [0x00000000d5580000,0x00000000d5580000,0x00000000d6e80000)
  from space 4096K, 90% used [0x00000000d6e80000,0x00000000d72212b0,0x00000000d7280000)
  to   space 4096K, 0% used [0x00000000d7280000,0x00000000d7280000,0x00000000d7680000)
 ParOldGen       total 68608K, used 16K [0x0000000080000000, 0x0000000084300000, 0x00000000d5580000)
  object space 68608K, 0% used [0x0000000080000000,0x0000000080004000,0x0000000084300000)
 Metaspace       used 4151K, committed 4416K, reserved 1114112K
  class space    used 454K, committed 576K, reserved 1048576K
}
Event: 3.388 GC heap before
{Heap before GC invocations=2 (full 0):
 PSYoungGen      total 29696K, used 29316K [0x00000000d5580000, 0x00000000d7680000, 0x0000000100000000)
  eden space 25600K, 100% used [0x00000000d5580000,0x00000000d6e80000,0x00000000d6e80000)
  from space 4096K, 90% used [0x00000000d6e80000,0x00000000d72212b0,0x00000000d7280000)
  to   space 4096K, 0% used [0x00000000d7280000,0x00000000d7280000,0x00000000d7680000)
 ParOldGen       total 68608K, used 16K [0x0000000080000000, 0x0000000084300000, 0x00000000d5580000)
  object space 68608K, 0% used [0x0000000080000000,0x0000000080004000,0x0000000084300000)
 Metaspace       used 7839K, committed 8128K, reserved 1114112K
  class space    used 811K, committed 960K, reserved 1048576K
}
Event: 3.395 GC heap after
{Heap after GC invocations=2 (full 0):
 PSYoungGen      total 29696K, used 4086K [0x00000000d5580000, 0x00000000d7680000, 0x0000000100000000)
  eden space 25600K, 0% used [0x00000000d5580000,0x00000000d5580000,0x00000000d6e80000)
  from space 4096K, 99% used [0x00000000d7280000,0x00000000d767d810,0x00000000d7680000)
  to   space 4096K, 0% used [0x00000000d6e80000,0x00000000d6e80000,0x00000000d7280000)
 ParOldGen       total 68608K, used 1898K [0x0000000080000000, 0x0000000084300000, 0x00000000d5580000)
  object space 68608K, 2% used [0x0000000080000000,0x00000000801da868,0x0000000084300000)
 Metaspace       used 7839K, committed 8128K, reserved 1114112K
  class space    used 811K, committed 960K, reserved 1048576K
}
Event: 8.252 GC heap before
{Heap before GC invocations=3 (full 0):
 PSYoungGen      total 29696K, used 29684K [0x00000000d5580000, 0x00000000d7680000, 0x0000000100000000)
  eden space 25600K, 99% used [0x00000000d5580000,0x00000000d6e7f7f0,0x00000000d6e80000)
  from space 4096K, 99% used [0x00000000d7280000,0x00000000d767d810,0x00000000d7680000)
  to   space 4096K, 0% used [0x00000000d6e80000,0x00000000d6e80000,0x00000000d7280000)
 ParOldGen       total 68608K, used 1898K [0x0000000080000000, 0x0000000084300000, 0x00000000d5580000)
  object space 68608K, 2% used [0x0000000080000000,0x00000000801da868,0x0000000084300000)
 Metaspace       used 9474K, committed 9792K, reserved 1114112K
  class space    used 1008K, committed 1152K, reserved 1048576K
}
Event: 8.257 GC heap after
{Heap after GC invocations=3 (full 0):
 PSYoungGen      total 29696K, used 4075K [0x00000000d5580000, 0x00000000d7680000, 0x0000000100000000)
  eden space 25600K, 0% used [0x00000000d5580000,0x00000000d5580000,0x00000000d6e80000)
  from space 4096K, 99% used [0x00000000d6e80000,0x00000000d727ac58,0x00000000d7280000)
  to   space 4096K, 0% used [0x00000000d7280000,0x00000000d7280000,0x00000000d7680000)
 ParOldGen       total 68608K, used 4319K [0x0000000080000000, 0x0000000084300000, 0x00000000d5580000)
  object space 68608K, 6% used [0x0000000080000000,0x0000000080437c00,0x0000000084300000)
 Metaspace       used 9474K, committed 9792K, reserved 1114112K
  class space    used 1008K, committed 1152K, reserved 1048576K
}

Dll operation events (9 events):
Event: 0.619 Loaded shared library c:\Users\ganes\.antigravity\extensions\redhat.java-1.52.0-win32-x64\jre\21.0.9-win32-x86_64\bin\java.dll
Event: 0.769 Loaded shared library c:\Users\ganes\.antigravity\extensions\redhat.java-1.52.0-win32-x64\jre\21.0.9-win32-x86_64\bin\zip.dll
Event: 0.822 Loaded shared library C:\Users\ganes\.antigravity\extensions\redhat.java-1.52.0-win32-x64\jre\21.0.9-win32-x86_64\bin\instrument.dll
Event: 0.832 Loaded shared library C:\Users\ganes\.antigravity\extensions\redhat.java-1.52.0-win32-x64\jre\21.0.9-win32-x86_64\bin\net.dll
Event: 0.837 Loaded shared library C:\Users\ganes\.antigravity\extensions\redhat.java-1.52.0-win32-x64\jre\21.0.9-win32-x86_64\bin\nio.dll
Event: 0.843 Loaded shared library C:\Users\ganes\.antigravity\extensions\redhat.java-1.52.0-win32-x64\jre\21.0.9-win32-x86_64\bin\zip.dll
Event: 0.881 Loaded shared library C:\Users\ganes\.antigravity\extensions\redhat.java-1.52.0-win32-x64\jre\21.0.9-win32-x86_64\bin\jimage.dll
Event: 1.056 Loaded shared library c:\Users\ganes\.antigravity\extensions\redhat.java-1.52.0-win32-x64\jre\21.0.9-win32-x86_64\bin\verify.dll
Event: 7.676 Loaded shared library C:\Users\ganes\AppData\Roaming\Antigravity\User\globalStorage\redhat.java\1.52.0\config_win\org.eclipse.equinox.launcher\org.eclipse.equinox.launcher.win32.win32.x86_64_1.2.1500.v20260121-1430\eclipse_11919.dll

Deoptimization events (20 events):
Event: 8.226 Thread 0x00000258f0b3b770 Uncommon trap: trap_request=0xffffffde fr.pc=0x00000258a0dbe5e4 relative=0x0000000000000304
Event: 8.226 Thread 0x00000258f0b3b770 Uncommon trap: reason=class_check action=maybe_recompile pc=0x00000258a0dbe5e4 method=java.util.regex.Pattern$BmpCharPropertyGreedy.match(Ljava/util/regex/Matcher;ILjava/lang/CharSequence;)Z @ 26 c2
Event: 8.226 Thread 0x00000258f0b3b770 DEOPT PACKING pc=0x00000258a0dbe5e4 sp=0x000000a7fe9fd560
Event: 8.226 Thread 0x00000258f0b3b770 DEOPT UNPACKING pc=0x00000258a05e3aa2 sp=0x000000a7fe9fd518 mode 2
Event: 8.226 Thread 0x00000258f0b3b770 Uncommon trap: trap_request=0xffffffde fr.pc=0x00000258a0dbe5e4 relative=0x0000000000000304
Event: 8.226 Thread 0x00000258f0b3b770 Uncommon trap: reason=class_check action=maybe_recompile pc=0x00000258a0dbe5e4 method=java.util.regex.Pattern$BmpCharPropertyGreedy.match(Ljava/util/regex/Matcher;ILjava/lang/CharSequence;)Z @ 26 c2
Event: 8.226 Thread 0x00000258f0b3b770 DEOPT PACKING pc=0x00000258a0dbe5e4 sp=0x000000a7fe9fd460
Event: 8.226 Thread 0x00000258f0b3b770 DEOPT UNPACKING pc=0x00000258a05e3aa2 sp=0x000000a7fe9fd3f8 mode 2
Event: 8.288 Thread 0x00000258f0b3b770 DEOPT PACKING pc=0x000002589953c275 sp=0x000000a7fe9fda90
Event: 8.288 Thread 0x00000258f0b3b770 DEOPT UNPACKING pc=0x00000258a05e4242 sp=0x000000a7fe9fcf70 mode 0
Event: 8.300 Thread 0x00000258f0b3b770 DEOPT PACKING pc=0x000002589953c275 sp=0x000000a7fe9fda90
Event: 8.300 Thread 0x00000258f0b3b770 DEOPT UNPACKING pc=0x00000258a05e4242 sp=0x000000a7fe9fcf70 mode 0
Event: 8.310 Thread 0x00000258f0b3b770 DEOPT PACKING pc=0x000002589953c275 sp=0x000000a7fe9fda90
Event: 8.310 Thread 0x00000258f0b3b770 DEOPT UNPACKING pc=0x00000258a05e4242 sp=0x000000a7fe9fcf70 mode 0
Event: 8.316 Thread 0x00000258f0b3b770 DEOPT PACKING pc=0x000002589953c275 sp=0x000000a7fe9fda90
Event: 8.316 Thread 0x00000258f0b3b770 DEOPT UNPACKING pc=0x00000258a05e4242 sp=0x000000a7fe9fcf70 mode 0
Event: 8.325 Thread 0x00000258f0b3b770 DEOPT PACKING pc=0x000002589953c275 sp=0x000000a7fe9fda90
Event: 8.325 Thread 0x00000258f0b3b770 DEOPT UNPACKING pc=0x00000258a05e4242 sp=0x000000a7fe9fcf70 mode 0
Event: 8.325 Thread 0x00000258f0b3b770 DEOPT PACKING pc=0x000002589953c275 sp=0x000000a7fe9fda90
Event: 8.325 Thread 0x00000258f0b3b770 DEOPT UNPACKING pc=0x00000258a05e4242 sp=0x000000a7fe9fcf70 mode 0

Classes loaded (20 events):
Event: 7.862 Loading class sun/util/logging/resources/logging_en_IN
Event: 7.862 Loading class sun/util/logging/resources/logging_en_IN done
Event: 7.864 Loading class java/util/Formatter$DateTime
Event: 7.864 Loading class java/util/Formatter$DateTime done
Event: 7.864 Loading class java/util/Formatter$FixedString
Event: 7.864 Loading class java/util/Formatter$FixedString done
Event: 7.866 Loading class java/time/ZonedDateTime$1
Event: 7.866 Loading class java/time/ZonedDateTime$1 done
Event: 7.871 Loading class jdk/internal/module/ModulePatcher$PatchedModuleReader
Event: 7.871 Loading class jdk/internal/module/ModulePatcher$PatchedModuleReader done
Event: 7.878 Loading class sun/util/resources/LocaleData$CommonResourceBundleProvider
Event: 7.878 Loading class sun/util/resources/LocaleData$LocaleDataResourceBundleProvider
Event: 7.879 Loading class java/util/spi/ResourceBundleProvider
Event: 7.879 Loading class java/util/spi/ResourceBundleProvider done
Event: 7.879 Loading class sun/util/resources/LocaleData$LocaleDataResourceBundleProvider done
Event: 7.879 Loading class sun/util/resources/LocaleData$CommonResourceBundleProvider done
Event: 7.881 Loading class sun/text/resources/cldr/FormatData_en
Event: 7.882 Loading class sun/text/resources/cldr/FormatData_en done
Event: 7.882 Loading class sun/util/resources/Bundles$2
Event: 7.882 Loading class sun/util/resources/Bundles$2 done

Classes unloaded (0 events):
No events

Classes redefined (0 events):
No events

Internal exceptions (20 events):
Event: 2.597 Thread 0x0000025895f41bd0 Implicit null exception at 0x00000258a0d414a9 to 0x00000258a0d41d1c
Event: 2.597 Thread 0x0000025895f41bd0 Implicit null exception at 0x00000258a0d51f9a to 0x00000258a0d521a0
Event: 2.597 Thread 0x0000025895f41bd0 Exception <a 'java/lang/NoSuchMethodError'{0x00000000d5890220}: 'void java.lang.invoke.DirectMethodHandle$Holder.invokeStatic(java.lang.Object, java.lang.Object, java.lang.Object, java.lang.Object)'> (0x00000000d5890220) 
thrown [s\src\hotspot\share\interpreter\linkResolver.cpp, line 773]
Event: 2.600 Thread 0x0000025895f41bd0 Implicit null exception at 0x00000258a0d434bc to 0x00000258a0d43748
Event: 2.600 Thread 0x0000025895f41bd0 Implicit null exception at 0x00000258a0d43f3d to 0x00000258a0d43fc1
Event: 2.722 Thread 0x0000025895f41bd0 Exception <a 'java/lang/NoSuchMethodError'{0x00000000d5bfa540}: 'void java.lang.invoke.DirectMethodHandle$Holder.invokeSpecial(java.lang.Object, java.lang.Object, java.lang.Object)'> (0x00000000d5bfa540) 
thrown [s\src\hotspot\share\interpreter\linkResolver.cpp, line 773]
Event: 3.070 Thread 0x0000025895f41bd0 Exception <a 'java/lang/NoSuchMethodError'{0x00000000d665fae8}: 'int java.lang.invoke.DirectMethodHandle$Holder.invokeVirtual(java.lang.Object, java.lang.Object)'> (0x00000000d665fae8) 
thrown [s\src\hotspot\share\interpreter\linkResolver.cpp, line 773]
Event: 3.195 Thread 0x0000025895f41bd0 Exception <a 'java/lang/NoSuchMethodError'{0x00000000d67d8930}: 'int java.lang.invoke.DirectMethodHandle$Holder.invokeStaticInit(java.lang.Object, java.lang.Object, java.lang.Object, java.lang.Object)'> (0x00000000d67d8930) 
thrown [s\src\hotspot\share\interpreter\linkResolver.cpp, line 773]
Event: 3.196 Thread 0x0000025895f41bd0 Exception <a 'java/lang/IncompatibleClassChangeError'{0x00000000d67e0d38}: Found class java.lang.Object, but interface was expected> (0x00000000d67e0d38) 
thrown [s\src\hotspot\share\interpreter\linkResolver.cpp, line 840]
Event: 3.197 Thread 0x0000025895f41bd0 Exception <a 'java/lang/NoSuchMethodError'{0x00000000d67e72e8}: 'void java.lang.invoke.DirectMethodHandle$Holder.invokeStaticInit(java.lang.Object, java.lang.Object)'> (0x00000000d67e72e8) 
thrown [s\src\hotspot\share\interpreter\linkResolver.cpp, line 773]
Event: 3.198 Thread 0x0000025895f41bd0 Exception <a 'java/lang/NoSuchMethodError'{0x00000000d67f04e0}: 'int java.lang.invoke.DirectMethodHandle$Holder.invokeStaticInit(java.lang.Object, java.lang.Object)'> (0x00000000d67f04e0) 
thrown [s\src\hotspot\share\interpreter\linkResolver.cpp, line 773]
Event: 3.263 Thread 0x0000025895f41bd0 Exception <a 'java/lang/NoSuchMethodError'{0x00000000d6a45f88}: 'java.lang.Object java.lang.invoke.DirectMethodHandle$Holder.newInvokeSpecial(java.lang.Object, int, java.lang.Object)'> (0x00000000d6a45f88) 
thrown [s\src\hotspot\share\interpreter\linkResolver.cpp, line 773]
Event: 3.320 Thread 0x0000025895f41bd0 Exception <a 'java/lang/ClassNotFoundException'{0x00000000d6c61a40}: sun/net/www/protocol/plurl/Handler> (0x00000000d6c61a40) 
thrown [s\src\hotspot\share\classfile\systemDictionary.cpp, line 312]
Event: 3.320 Thread 0x0000025895f41bd0 Exception <a 'java/lang/ClassNotFoundException'{0x00000000d6c628c0}: sun/net/www/protocol/plurl/Handler> (0x00000000d6c628c0) 
thrown [s\src\hotspot\share\classfile\systemDictionary.cpp, line 312]
Event: 7.657 Thread 0x0000025895f41bd0 Exception <a 'java/lang/UnsatisfiedLinkError'{0x00000000d585a080}: 'void org.eclipse.equinox.launcher.JNIBridge._update_splash()'> (0x00000000d585a080) 
thrown [s\src\hotspot\share\prims\nativeLookup.cpp, line 415]
Event: 7.698 Thread 0x00000258eee53d90 Exception <a 'java/lang/NoSuchMethodError'{0x00000000d5ae9428}: 'void java.lang.invoke.DirectMethodHandle$Holder.invokeInterface(java.lang.Object, java.lang.Object, java.lang.Object)'> (0x00000000d5ae9428) 
thrown [s\src\hotspot\share\interpreter\linkResolver.cpp, line 773]
Event: 7.813 Thread 0x00000258f0b3b770 Exception <a 'java/lang/NoSuchMethodError'{0x00000000d5ea7e18}: 'java.lang.Object java.lang.invoke.DirectMethodHandle$Holder.newInvokeSpecial(java.lang.Object, java.lang.Object, int, java.lang.Object)'> (0x00000000d5ea7e18) 
thrown [s\src\hotspot\share\interpreter\linkResolver.cpp, line 773]
Event: 7.814 Thread 0x00000258f0b3b770 Exception <a 'java/lang/NoSuchMethodError'{0x00000000d5eabc48}: 'java.lang.Object java.lang.invoke.DirectMethodHandle$Holder.invokeSpecial(java.lang.Object, java.lang.Object, java.lang.Object, int, java.lang.Object)'> (0x00000000d5eabc48) 
thrown [s\src\hotspot\share\interpreter\linkResolver.cpp, line 773]
Event: 7.828 Thread 0x00000258f0b3b770 Exception <a 'java/lang/NoClassDefFoundError'{0x00000000d5f53f48}: jakarta/servlet/ServletContainerInitializer> (0x00000000d5f53f48) 
thrown [s\src\hotspot\share\classfile\systemDictionary.cpp, line 301]
Event: 7.860 Thread 0x00000258f0b3b770 Exception <a 'java/lang/ClassNotFoundException'{0x00000000d60a91a8}: sun/util/logging/resources/spi/loggingProvider> (0x00000000d60a91a8) 
thrown [s\src\hotspot\share\classfile\systemDictionary.cpp, line 312]

ZGC Phase Switch (0 events):
No events

VM Operations (20 events):
Event: 3.300 Executing VM operation: HandshakeAllThreads (Deoptimize)
Event: 3.300 Executing VM operation: HandshakeAllThreads (Deoptimize) done
Event: 3.314 Executing VM operation: HandshakeAllThreads (Deoptimize)
Event: 3.314 Executing VM operation: HandshakeAllThreads (Deoptimize) done
Event: 3.388 Executing VM operation: ParallelGCFailedAllocation (Allocation Failure)
Event: 3.395 Executing VM operation: ParallelGCFailedAllocation (Allocation Failure) done
Event: 5.400 Executing VM operation: Cleanup
Event: 5.400 Executing VM operation: Cleanup done
Event: 7.847 Executing VM operation: HandshakeAllThreads (Deoptimize)
Event: 7.847 Executing VM operation: HandshakeAllThreads (Deoptimize) done
Event: 7.847 Executing VM operation: Cleanup
Event: 7.847 Executing VM operation: Cleanup done
Event: 7.872 Executing VM operation: HandshakeAllThreads (Deoptimize)
Event: 7.872 Executing VM operation: HandshakeAllThreads (Deoptimize) done
Event: 7.890 Executing VM operation: HandshakeAllThreads (Deoptimize)
Event: 7.890 Executing VM operation: HandshakeAllThreads (Deoptimize) done
Event: 7.903 Executing VM operation: HandshakeAllThreads (Deoptimize)
Event: 7.903 Executing VM operation: HandshakeAllThreads (Deoptimize) done
Event: 8.252 Executing VM operation: ParallelGCFailedAllocation (Allocation Failure)
Event: 8.257 Executing VM operation: ParallelGCFailedAllocation (Allocation Failure) done

Memory protections (0 events):
No events

Nmethod flushes (0 events):
No events

Events (20 events):
Event: 1.150 Thread 0x00000258ef07d140 Thread exited: 0x00000258ef07d140
Event: 1.311 Thread 0x0000025895f41bd0 Thread added: 0x00000258eef927f0
Event: 1.942 Thread 0x00000258eee53d90 Thread added: 0x00000258ef0ce550
Event: 1.944 Thread 0x00000258eedc1df0 Thread added: 0x00000258ef0a1d00
Event: 2.634 Thread 0x00000258ef0a1d00 Thread exited: 0x00000258ef0a1d00
Event: 2.710 Thread 0x00000258ef0ce550 Thread exited: 0x00000258ef0ce550
Event: 2.803 Thread 0x00000258eee53d90 Thread added: 0x00000258f0c2f050
Event: 2.809 Thread 0x00000258eef6e0d0 Thread added: 0x00000258f0c2f6f0
Event: 3.182 Thread 0x00000258f0c2f6f0 Thread exited: 0x00000258f0c2f6f0
Event: 3.183 Thread 0x00000258f0c2f050 Thread exited: 0x00000258f0c2f050
Event: 3.221 Thread 0x0000025895f41bd0 Thread added: 0x00000258f513f330
Event: 4.623 Thread 0x00000258eefc08b0 Thread exited: 0x00000258eefc08b0
Event: 5.388 Thread 0x00000258eef6e0d0 Thread exited: 0x00000258eef6e0d0
Event: 5.388 Thread 0x00000258eee53d90 Thread exited: 0x00000258eee53d90
Event: 7.648 Thread 0x0000025895eebe10 Thread added: 0x00000258eefc1a70
Event: 7.654 Thread 0x0000025895f41bd0 Thread added: 0x00000258eee53d90
Event: 7.703 Thread 0x00000258eee53d90 Thread added: 0x00000258f0b3ad40
Event: 7.708 Thread 0x0000025895f41bd0 Thread added: 0x00000258f0b3b770
Event: 7.911 Thread 0x00000258eefc1a70 Thread added: 0x00000258f09b1540
Event: 8.136 Thread 0x00000258f09b1540 Thread exited: 0x00000258f09b1540


Dynamic libraries:
0x00007ff7f9230000 - 0x00007ff7f923e000 	c:\Users\ganes\.antigravity\extensions\redhat.java-1.52.0-win32-x64\jre\21.0.9-win32-x86_64\bin\java.exe
0x00007ff98fb40000 - 0x00007ff98fda7000 	C:\WINDOWS\SYSTEM32\ntdll.dll
0x00007ff943a30000 - 0x00007ff943a50000 	C:\Program Files\Avast Software\Avast\aswhook.dll
0x00007ff98e4f0000 - 0x00007ff98e5b9000 	C:\WINDOWS\System32\KERNEL32.DLL
0x00007ff98c630000 - 0x00007ff98ca21000 	C:\WINDOWS\System32\KERNELBASE.dll
0x00007ff98d790000 - 0x00007ff98d8db000 	C:\WINDOWS\System32\ucrtbase.dll
0x00007ff948d80000 - 0x00007ff948d98000 	c:\Users\ganes\.antigravity\extensions\redhat.java-1.52.0-win32-x64\jre\21.0.9-win32-x86_64\bin\jli.dll
0x00007ff94ff30000 - 0x00007ff94ff4e000 	c:\Users\ganes\.antigravity\extensions\redhat.java-1.52.0-win32-x64\jre\21.0.9-win32-x86_64\bin\VCRUNTIME140.dll
0x00007ff98d960000 - 0x00007ff98db25000 	C:\WINDOWS\System32\USER32.dll
0x00007ff98b620000 - 0x00007ff98b8b3000 	C:\WINDOWS\WinSxS\amd64_microsoft.windows.common-controls_6595b64144ccf1df_6.0.26100.7922_none_3e089e1ee3342171\COMCTL32.dll
0x00007ff98c550000 - 0x00007ff98c577000 	C:\WINDOWS\System32\win32u.dll
0x00007ff98fa20000 - 0x00007ff98fac9000 	C:\WINDOWS\System32\msvcrt.dll
0x00007ff98e440000 - 0x00007ff98e46b000 	C:\WINDOWS\System32\GDI32.dll
0x00007ff98c420000 - 0x00007ff98c54a000 	C:\WINDOWS\System32\gdi32full.dll
0x00007ff98c580000 - 0x00007ff98c623000 	C:\WINDOWS\System32\msvcp_win.dll
0x00007ff98f850000 - 0x00007ff98f881000 	C:\WINDOWS\System32\IMM32.DLL
0x00007ff950b90000 - 0x00007ff950b9c000 	c:\Users\ganes\.antigravity\extensions\redhat.java-1.52.0-win32-x64\jre\21.0.9-win32-x86_64\bin\vcruntime140_1.dll
0x00007ff8f2500000 - 0x00007ff8f258d000 	c:\Users\ganes\.antigravity\extensions\redhat.java-1.52.0-win32-x64\jre\21.0.9-win32-x86_64\bin\msvcp140.dll
0x00007ff868fb0000 - 0x00007ff869d50000 	c:\Users\ganes\.antigravity\extensions\redhat.java-1.52.0-win32-x64\jre\21.0.9-win32-x86_64\bin\server\jvm.dll
0x00007ff98f710000 - 0x00007ff98f7cb000 	C:\WINDOWS\System32\ADVAPI32.dll
0x00007ff98f890000 - 0x00007ff98f937000 	C:\WINDOWS\System32\sechost.dll
0x00007ff98e5c0000 - 0x00007ff98e6d8000 	C:\WINDOWS\System32\RPCRT4.dll
0x00007ff98ec70000 - 0x00007ff98ece4000 	C:\WINDOWS\System32\WS2_32.dll
0x00007ff98c280000 - 0x00007ff98c2de000 	C:\WINDOWS\SYSTEM32\POWRPROF.dll
0x00007ff976f50000 - 0x00007ff976f5b000 	C:\WINDOWS\SYSTEM32\VERSION.dll
0x00007ff97ec50000 - 0x00007ff97ec85000 	C:\WINDOWS\SYSTEM32\WINMM.dll
0x00007ff98c260000 - 0x00007ff98c274000 	C:\WINDOWS\SYSTEM32\UMPDC.dll
0x00007ff98a880000 - 0x00007ff98a89b000 	C:\WINDOWS\SYSTEM32\kernel.appcore.dll
0x00007ff948920000 - 0x00007ff94892a000 	c:\Users\ganes\.antigravity\extensions\redhat.java-1.52.0-win32-x64\jre\21.0.9-win32-x86_64\bin\jimage.dll
0x00007ff98bbd0000 - 0x00007ff98be12000 	C:\WINDOWS\SYSTEM32\DBGHELP.DLL
0x00007ff98e870000 - 0x00007ff98ebf2000 	C:\WINDOWS\System32\combase.dll
0x00007ff98f940000 - 0x00007ff98fa17000 	C:\WINDOWS\System32\OLEAUT32.dll
0x00007ff98bac0000 - 0x00007ff98bafb000 	C:\WINDOWS\SYSTEM32\dbgcore.DLL
0x00007ff98cba0000 - 0x00007ff98cc45000 	C:\WINDOWS\System32\bcryptPrimitives.dll
0x00007ff948910000 - 0x00007ff94891f000 	c:\Users\ganes\.antigravity\extensions\redhat.java-1.52.0-win32-x64\jre\21.0.9-win32-x86_64\bin\instrument.dll
0x00007ff9368c0000 - 0x00007ff9368e0000 	c:\Users\ganes\.antigravity\extensions\redhat.java-1.52.0-win32-x64\jre\21.0.9-win32-x86_64\bin\java.dll
0x00007ff98edf0000 - 0x00007ff98f54f000 	C:\WINDOWS\System32\SHELL32.dll
0x00007ff98ca30000 - 0x00007ff98cb9a000 	C:\WINDOWS\System32\wintypes.dll
0x00007ff98cce0000 - 0x00007ff98d544000 	C:\WINDOWS\System32\windows.storage.dll
0x00007ff98ecf0000 - 0x00007ff98ede7000 	C:\WINDOWS\System32\SHCORE.dll
0x00007ff98ec00000 - 0x00007ff98ec67000 	C:\WINDOWS\System32\shlwapi.dll
0x00007ff98c340000 - 0x00007ff98c369000 	C:\WINDOWS\SYSTEM32\profapi.dll
0x00007ff933640000 - 0x00007ff933658000 	c:\Users\ganes\.antigravity\extensions\redhat.java-1.52.0-win32-x64\jre\21.0.9-win32-x86_64\bin\zip.dll
0x00007ff947de0000 - 0x00007ff947df0000 	C:\Users\ganes\.antigravity\extensions\redhat.java-1.52.0-win32-x64\jre\21.0.9-win32-x86_64\bin\net.dll
0x00007ff982680000 - 0x00007ff9827a7000 	C:\WINDOWS\SYSTEM32\WINHTTP.dll
0x00007ff98ae10000 - 0x00007ff98ae7b000 	C:\WINDOWS\system32\mswsock.dll
0x00007ff910c80000 - 0x00007ff910c96000 	C:\Users\ganes\.antigravity\extensions\redhat.java-1.52.0-win32-x64\jre\21.0.9-win32-x86_64\bin\nio.dll
0x00007ff93cc80000 - 0x00007ff93cc90000 	c:\Users\ganes\.antigravity\extensions\redhat.java-1.52.0-win32-x64\jre\21.0.9-win32-x86_64\bin\verify.dll
0x00007ff8f28c0000 - 0x00007ff8f2905000 	C:\Users\ganes\AppData\Roaming\Antigravity\User\globalStorage\redhat.java\1.52.0\config_win\org.eclipse.equinox.launcher\org.eclipse.equinox.launcher.win32.win32.x86_64_1.2.1500.v20260121-1430\eclipse_11919.dll
0x00007ff98f560000 - 0x00007ff98f6f5000 	C:\WINDOWS\System32\ole32.dll

JVMTI agents:
c:\Users\ganes\.antigravity\extensions\redhat.java-1.52.0-win32-x64\lombok\lombok-1.18.39-4050.jar path:c:\Users\ganes\.antigravity\extensions\redhat.java-1.52.0-win32-x64\jre\21.0.9-win32-x86_64\bin\instrument.dll, loaded, initialized, instrumentlib options:none

dbghelp: loaded successfully - version: 4.0.5 - missing functions: none
symbol engine: initialized successfully - sym options: 0x614 - pdb path: .;c:\Users\ganes\.antigravity\extensions\redhat.java-1.52.0-win32-x64\jre\21.0.9-win32-x86_64\bin;C:\WINDOWS\SYSTEM32;C:\Program Files\Avast Software\Avast;C:\WINDOWS\WinSxS\amd64_microsoft.windows.common-controls_6595b64144ccf1df_6.0.26100.7922_none_3e089e1ee3342171;c:\Users\ganes\.antigravity\extensions\redhat.java-1.52.0-win32-x64\jre\21.0.9-win32-x86_64\bin\server;C:\Users\ganes\AppData\Roaming\Antigravity\User\globalStorage\redhat.java\1.52.0\config_win\org.eclipse.equinox.launcher\org.eclipse.equinox.launcher.win32.win32.x86_64_1.2.1500.v20260121-1430

VM Arguments:
jvm_args: --add-modules=ALL-SYSTEM --add-opens=java.base/java.util=ALL-UNNAMED --add-opens=java.base/java.lang=ALL-UNNAMED --add-opens=java.base/sun.nio.fs=ALL-UNNAMED -Declipse.application=org.eclipse.jdt.ls.core.id1 -Dosgi.bundles.defaultStartLevel=4 -Declipse.product=org.eclipse.jdt.ls.core.product -Djava.import.generatesMetadataFilesAtProjectRoot=false -DDetectVMInstallationsJob.disabled=true -Dfile.encoding=utf8 -XX:+UseParallelGC -XX:GCTimeRatio=4 -XX:AdaptiveSizePolicyWeight=90 -Dsun.zip.disableMemoryMapping=true -Xmx2G -Xms100m -Xlog:disable -javaagent:c:\Users\ganes\.antigravity\extensions\redhat.java-1.52.0-win32-x64\lombok\lombok-1.18.39-4050.jar -XX:+HeapDumpOnOutOfMemoryError -XX:HeapDumpPath=c:\Users\ganes\AppData\Roaming\Antigravity\User\workspaceStorage\f5641c1847ce3b90202cde7addb4dac1\redhat.java -Daether.dependencyCollector.impl=bf 
java_command: c:\Users\ganes\.antigravity\extensions\redhat.java-1.52.0-win32-x64\server\plugins\org.eclipse.equinox.launcher_1.7.100.v20251111-0406.jar -configuration c:\Users\ganes\AppData\Roaming\Antigravity\User\globalStorage\redhat.java\1.52.0\config_win -data c:\Users\ganes\AppData\Roaming\Antigravity\User\workspaceStorage\f5641c1847ce3b90202cde7addb4dac1\redhat.java\jdt_ws --pipe=\\.\pipe\lsp-8c3cd2a95013bc9e3bdf707d9b6d2c77-sock
java_class_path (initial): c:\Users\ganes\.antigravity\extensions\redhat.java-1.52.0-win32-x64\server\plugins\org.eclipse.equinox.launcher_1.7.100.v20251111-0406.jar
Launcher Type: SUN_STANDARD

[Global flags]
    uintx AdaptiveSizePolicyWeight                 = 90                                        {product} {command line}
     intx CICompilerCount                          = 12                                        {product} {ergonomic}
    uintx GCTimeRatio                              = 4                                         {product} {command line}
     bool HeapDumpOnOutOfMemoryError               = true                                   {manageable} {command line}
    ccstr HeapDumpPath                             = c:\Users\ganes\AppData\Roaming\Antigravity\User\workspaceStorage\f5641c1847ce3b90202cde7addb4dac1\redhat.java         {manageable} {command line}
   size_t InitialHeapSize                          = 104857600                                 {product} {command line}
   size_t MaxHeapSize                              = 2147483648                                {product} {command line}
   size_t MaxNewSize                               = 715653120                                 {product} {ergonomic}
   size_t MinHeapDeltaBytes                        = 524288                                    {product} {ergonomic}
   size_t MinHeapSize                              = 104857600                                 {product} {command line}
   size_t NewSize                                  = 34603008                                  {product} {ergonomic}
    uintx NonNMethodCodeHeapSize                   = 7602480                                {pd product} {ergonomic}
    uintx NonProfiledCodeHeapSize                  = 122027880                              {pd product} {ergonomic}
   size_t OldSize                                  = 70254592                                  {product} {ergonomic}
    uintx ProfiledCodeHeapSize                     = 122027880                              {pd product} {ergonomic}
    uintx ReservedCodeCacheSize                    = 251658240                              {pd product} {ergonomic}
     bool SegmentedCodeCache                       = true                                      {product} {ergonomic}
   size_t SoftMaxHeapSize                          = 2147483648                             {manageable} {ergonomic}
     bool UseCompressedOops                        = true                           {product lp64_product} {ergonomic}
     bool UseLargePagesIndividualAllocation        = false                                  {pd product} {ergonomic}
     bool UseParallelGC                            = true                                      {product} {command line}

Logging:
Log output configuration:
 #0: stdout all=off uptime,level,tags foldmultilines=false
 #1: stderr all=off uptime,level,tags foldmultilines=false

Release file:
JAVA_VERSION="21.0.9" 
MODULES="java.base java.compiler java.datatransfer java.xml java.prefs java.desktop java.instrument java.logging java.management java.security.sasl java.naming java.rmi java.management.rmi java.net.http java.scripting java.security.jgss java.transaction.xa java.sql java.sql.rowset java.xml.crypto java.se java.smartcardio jdk.accessibility jdk.internal.jvmstat jdk.attach jdk.charsets jdk.internal.opt jdk.zipfs jdk.compiler jdk.crypto.ec jdk.crypto.cryptoki jdk.crypto.mscapi jdk.dynalink jdk.internal.ed jdk.editpad jdk.hotspot.agent jdk.httpserver jdk.internal.le jdk.internal.vm.ci jdk.internal.vm.compiler jdk.internal.vm.compiler.management jdk.jartool jdk.javadoc jdk.jcmd jdk.management jdk.management.agent jdk.jconsole jdk.jdeps jdk.jdwp.agent jdk.jdi jdk.jfr jdk.jshell jdk.jsobject jdk.jstatd jdk.localedata jdk.management.jfr jdk.naming.dns jdk.naming.rmi jdk.net jdk.nio.mapmode jdk.random jdk.sctp jdk.security.auth jdk.security.jgss jdk.unsupported jdk.unsupported.desktop jdk.xml.dom" 

Environment Variables:
JAVA_HOME=C:\Program Files\Microsoft\jdk-21.0.9.10-hotspot\
PATH=C:\Program Files\Microsoft\jdk-21.0.9.10-hotspot\\bin;C:\Program Files\nodejs\;C:\Program Files\Git\cmd;C:\Program Files\Amazon\AWSCLIV2\;C:\Users\ganes\AppData\Local\Programs\Python\Launcher\;C:\Users\ganes\AppData\Local\Microsoft\WindowsApps;C:\Users\ganes\AppData\Local\Programs\Microsoft VS Code\bin;C:\Program Files (x86)\Nmap;C:\Users\ganes\AppData\Local\GitHubDesktop\bin;C:\Users\ganes\AppData\Local\Programs\Antigravity\bin;C:\maven\apache-maven-3.9.6\bin;C:\Program Files\Microsoft\jdk-21.0.9.10-hotspot\;C:\Program Files\Docker\Docker\resources\bin;C:\Users\ganes\AppData\Roaming\npm
USERNAME=ganes
OS=Windows_NT
PROCESSOR_IDENTIFIER=Intel64 Family 6 Model 154 Stepping 3, GenuineIntel
TMP=C:\Users\ganes\AppData\Local\Temp
TEMP=C:\Users\ganes\AppData\Local\Temp




Periodic native trim disabled

---------------  S Y S T E M  ---------------

OS:
 Windows 11 , 64 bit Build 26100 (10.0.26100.7920)
OS uptime: 4 days 4:04 hours
Hyper-V role detected

CPU: total 16 (initial active 16) (8 cores per cpu, 2 threads per core) family 6 model 154 stepping 3 microcode 0x437, cx8, cmov, fxsr, ht, mmx, 3dnowpref, sse, sse2, sse3, ssse3, sse4.1, sse4.2, popcnt, lzcnt, tsc, tscinvbit, avx, avx2, aes, erms, clmul, bmi1, bmi2, adx, sha, fma, vzeroupper, clflush, clflushopt, clwb, hv, serialize, rdtscp, rdpid, fsrm, f16c, cet_ibt, cet_ss
Processor Information for the first 16 processors :
  Max Mhz: 2500, Current Mhz: 2500, Mhz Limit: 2500

Memory: 4k page, system-wide physical 16068M (653M free)
TotalPageFile size 36259M (AvailPageFile size 5M)
current process WorkingSet (physical memory assigned to process): 109M, peak: 109M
current process commit charge ("private bytes"): 267M, peak: 267M

vm_info: OpenJDK 64-Bit Server VM (21.0.9+10-LTS) for windows-amd64 JRE (21.0.9+10-LTS), built on 2025-10-21T00:00:00Z by "admin" with unknown MS VC++:1942

END.
